<?xml version="1.0" encoding="UTF-8"?><testsuite errors="0" failures="1" name="tests.GoogleTests" skipped="0" tests="2" time="165.77" timestamp="2020-05-01 07:34:36"><testcase classname="tests.GoogleTests" name="Search for something"><failure message="Expected enabled element was not enabled" type="net.thucydides.core.webdriver.exceptions.ElementShouldBeEnabledException">Expected enabled element was not enabled</failure><system-err>Expected enabled element was not enabled
pages.GooglePage.clickInScreenSize(GooglePage.java:100)
steps.GoogleSteps.searchOnAmazon(GoogleSteps.java:22)
tests.GoogleTests.searchForSomething(GoogleTests.java:36)
org.eclipse.jdt.internal.junit4.runner.JUnit4TestReference.run(JUnit4TestReference.java:89)
org.eclipse.jdt.internal.junit.runner.TestExecution.run(TestExecution.java:41)
org.eclipse.jdt.internal.junit.runner.RemoteTestRunner.runTests(RemoteTestRunner.java:542)
org.eclipse.jdt.internal.junit.runner.RemoteTestRunner.runTests(RemoteTestRunner.java:770)
org.eclipse.jdt.internal.junit.runner.RemoteTestRunner.run(RemoteTestRunner.java:464)
org.eclipse.jdt.internal.junit.runner.RemoteTestRunner.main(RemoteTestRunner.java:210)
</system-err></testcase><testcase classname="tests.GoogleTests" name="Navigate on selenium easy"/></testsuite>